{"message":"::1 - - [24/Jun/2019:05:18:01 +0000] \"GET / HTTP/1.1\" 304 - \"-\" \"Mozilla/5.0 (Macintosh; Intel Mac OS X 10_14_5) AppleWebKit/605.1.15 (KHTML, like Gecko) Version/12.1.1 Safari/605.1.15\"\n","level":"info"}
{"message":"::1 - - [24/Jun/2019:05:18:01 +0000] \"GET /stylesheets/style.css HTTP/1.1\" 304 - \"http://localhost:3000/\" \"Mozilla/5.0 (Macintosh; Intel Mac OS X 10_14_5) AppleWebKit/605.1.15 (KHTML, like Gecko) Version/12.1.1 Safari/605.1.15\"\n","level":"info"}
{"message":"::1 - - [24/Jun/2019:05:18:05 +0000] \"GET / HTTP/1.1\" 304 - \"-\" \"Mozilla/5.0 (Macintosh; Intel Mac OS X 10_14_5) AppleWebKit/605.1.15 (KHTML, like Gecko) Version/12.1.1 Safari/605.1.15\"\n","level":"info"}
{"message":"::1 - - [24/Jun/2019:05:18:05 +0000] \"GET /stylesheets/style.css HTTP/1.1\" 304 - \"http://localhost:3000/\" \"Mozilla/5.0 (Macintosh; Intel Mac OS X 10_14_5) AppleWebKit/605.1.15 (KHTML, like Gecko) Version/12.1.1 Safari/605.1.15\"\n","level":"info"}
{"message":"::1 - - [24/Jun/2019:05:18:06 +0000] \"GET /stylesheets/style.css HTTP/1.1\" 304 - \"http://localhost:3000/userlist\" \"Mozilla/5.0 (Macintosh; Intel Mac OS X 10_14_5) AppleWebKit/605.1.15 (KHTML, like Gecko) Version/12.1.1 Safari/605.1.15\"\n","level":"info"}
{"message":"::1 - - [24/Jun/2019:05:18:06 +0000] \"GET /userlist HTTP/1.1\" 304 - \"-\" \"Mozilla/5.0 (Macintosh; Intel Mac OS X 10_14_5) AppleWebKit/605.1.15 (KHTML, like Gecko) Version/12.1.1 Safari/605.1.15\"\n","level":"info"}
{"message":"::1 - - [24/Jun/2019:05:18:06 +0000] \"GET /stylesheets/style.css HTTP/1.1\" 304 - \"http://localhost:3000/userlist\" \"Mozilla/5.0 (Macintosh; Intel Mac OS X 10_14_5) AppleWebKit/605.1.15 (KHTML, like Gecko) Version/12.1.1 Safari/605.1.15\"\n","level":"info"}
{"message":"::1 - - [24/Jun/2019:05:18:06 +0000] \"GET /userlist HTTP/1.1\" 304 - \"-\" \"Mozilla/5.0 (Macintosh; Intel Mac OS X 10_14_5) AppleWebKit/605.1.15 (KHTML, like Gecko) Version/12.1.1 Safari/605.1.15\"\n","level":"info"}
{"message":"::1 - - [24/Jun/2019:05:18:06 +0000] \"GET /stylesheets/style.css HTTP/1.1\" 304 - \"http://localhost:3000/userlist\" \"Mozilla/5.0 (Macintosh; Intel Mac OS X 10_14_5) AppleWebKit/605.1.15 (KHTML, like Gecko) Version/12.1.1 Safari/605.1.15\"\n","level":"info"}
{"message":"::1 - - [24/Jun/2019:05:18:10 +0000] \"GET /stylesheets/style.css HTTP/1.1\" 304 - \"http://localhost:3000/userlist\" \"Mozilla/5.0 (Macintosh; Intel Mac OS X 10_14_5) AppleWebKit/605.1.15 (KHTML, like Gecko) Version/12.1.1 Safari/605.1.15\"\n","level":"info"}
{"message":"::1 - - [24/Jun/2019:05:18:10 +0000] \"GET /userlist HTTP/1.1\" 304 - \"-\" \"Mozilla/5.0 (Macintosh; Intel Mac OS X 10_14_5) AppleWebKit/605.1.15 (KHTML, like Gecko) Version/12.1.1 Safari/605.1.15\"\n","level":"info"}
{"message":"::1 - - [24/Jun/2019:05:18:11 +0000] \"GET / HTTP/1.1\" 304 - \"-\" \"Mozilla/5.0 (Macintosh; Intel Mac OS X 10_14_5) AppleWebKit/605.1.15 (KHTML, like Gecko) Version/12.1.1 Safari/605.1.15\"\n","level":"info"}
{"message":"::1 - - [24/Jun/2019:05:18:11 +0000] \"GET /stylesheets/style.css HTTP/1.1\" 304 - \"http://localhost:3000/\" \"Mozilla/5.0 (Macintosh; Intel Mac OS X 10_14_5) AppleWebKit/605.1.15 (KHTML, like Gecko) Version/12.1.1 Safari/605.1.15\"\n","level":"info"}
{"message":"::1 - - [24/Jun/2019:05:18:12 +0000] \"GET /newuser HTTP/1.1\" 304 - \"-\" \"Mozilla/5.0 (Macintosh; Intel Mac OS X 10_14_5) AppleWebKit/605.1.15 (KHTML, like Gecko) Version/12.1.1 Safari/605.1.15\"\n","level":"info"}
{"message":"::1 - - [24/Jun/2019:05:18:12 +0000] \"GET /stylesheets/style.css HTTP/1.1\" 304 - \"http://localhost:3000/newuser\" \"Mozilla/5.0 (Macintosh; Intel Mac OS X 10_14_5) AppleWebKit/605.1.15 (KHTML, like Gecko) Version/12.1.1 Safari/605.1.15\"\n","level":"info"}
{"message":"::1 - - [24/Jun/2019:05:18:13 +0000] \"GET /newuser HTTP/1.1\" 304 - \"-\" \"Mozilla/5.0 (Macintosh; Intel Mac OS X 10_14_5) AppleWebKit/605.1.15 (KHTML, like Gecko) Version/12.1.1 Safari/605.1.15\"\n","level":"info"}
{"message":"::1 - - [24/Jun/2019:05:18:13 +0000] \"GET /stylesheets/style.css HTTP/1.1\" 304 - \"http://localhost:3000/newuser\" \"Mozilla/5.0 (Macintosh; Intel Mac OS X 10_14_5) AppleWebKit/605.1.15 (KHTML, like Gecko) Version/12.1.1 Safari/605.1.15\"\n","level":"info"}
{"message":"::1 - - [24/Jun/2019:05:18:13 +0000] \"GET /stylesheets/style.css HTTP/1.1\" 304 - \"http://localhost:3000/newuser\" \"Mozilla/5.0 (Macintosh; Intel Mac OS X 10_14_5) AppleWebKit/605.1.15 (KHTML, like Gecko) Version/12.1.1 Safari/605.1.15\"\n","level":"info"}
{"message":"::1 - - [24/Jun/2019:05:18:33 +0000] \"POST /adduser HTTP/1.1\" 500 26 \"http://localhost:3000/newuser\" \"Mozilla/5.0 (Macintosh; Intel Mac OS X 10_14_5) AppleWebKit/605.1.15 (KHTML, like Gecko) Version/12.1.1 Safari/605.1.15\"\n","level":"info"}
{"message":"::1 - - [24/Jun/2019:05:26:01 +0000] \"GET / HTTP/1.1\" 304 - \"-\" \"Mozilla/5.0 (Macintosh; Intel Mac OS X 10_14_5) AppleWebKit/605.1.15 (KHTML, like Gecko) Version/12.1.1 Safari/605.1.15\"\n","level":"info"}
{"message":"::1 - - [24/Jun/2019:05:26:01 +0000] \"GET /stylesheets/style.css HTTP/1.1\" 304 - \"http://localhost:3000/\" \"Mozilla/5.0 (Macintosh; Intel Mac OS X 10_14_5) AppleWebKit/605.1.15 (KHTML, like Gecko) Version/12.1.1 Safari/605.1.15\"\n","level":"info"}
{"message":"::1 - - [24/Jun/2019:05:26:05 +0000] \"GET / HTTP/1.1\" 304 - \"-\" \"Mozilla/5.0 (Macintosh; Intel Mac OS X 10_14_5) AppleWebKit/605.1.15 (KHTML, like Gecko) Version/12.1.1 Safari/605.1.15\"\n","level":"info"}
{"message":"::1 - - [24/Jun/2019:05:26:05 +0000] \"GET /stylesheets/style.css HTTP/1.1\" 304 - \"http://localhost:3000/\" \"Mozilla/5.0 (Macintosh; Intel Mac OS X 10_14_5) AppleWebKit/605.1.15 (KHTML, like Gecko) Version/12.1.1 Safari/605.1.15\"\n","level":"info"}
{"message":"404 - Not Found - /foo - GET - ::1","level":"error"}
{"message":"::1 - - [24/Jun/2019:05:26:06 +0000] \"GET /foo HTTP/1.1\" 404 1083 \"-\" \"Mozilla/5.0 (Macintosh; Intel Mac OS X 10_14_5) AppleWebKit/605.1.15 (KHTML, like Gecko) Version/12.1.1 Safari/605.1.15\"\n","level":"info"}
{"message":"404 - Not Found - /favicon.ico - GET - ::1","level":"error"}
{"message":"::1 - - [24/Jun/2019:05:26:06 +0000] \"GET /favicon.ico HTTP/1.1\" 404 1083 \"http://localhost:3000/foo\" \"Mozilla/5.0 (Macintosh; Intel Mac OS X 10_14_5) AppleWebKit/605.1.15 (KHTML, like Gecko) Version/12.1.1 Safari/605.1.15\"\n","level":"info"}
{"message":"::1 - - [24/Jun/2019:05:29:55 +0000] \"GET / HTTP/1.1\" 304 - \"-\" \"Mozilla/5.0 (Macintosh; Intel Mac OS X 10_14_5) AppleWebKit/605.1.15 (KHTML, like Gecko) Version/12.1.1 Safari/605.1.15\"\n","level":"info"}
{"message":"::1 - - [24/Jun/2019:05:29:55 +0000] \"GET /stylesheets/style.css HTTP/1.1\" 304 - \"http://localhost:3000/\" \"Mozilla/5.0 (Macintosh; Intel Mac OS X 10_14_5) AppleWebKit/605.1.15 (KHTML, like Gecko) Version/12.1.1 Safari/605.1.15\"\n","level":"info"}
{"message":"::1 - - [24/Jun/2019:05:29:59 +0000] \"GET / HTTP/1.1\" 304 - \"-\" \"Mozilla/5.0 (Macintosh; Intel Mac OS X 10_14_5) AppleWebKit/605.1.15 (KHTML, like Gecko) Version/12.1.1 Safari/605.1.15\"\n","level":"info"}
{"message":"::1 - - [24/Jun/2019:05:29:59 +0000] \"GET /stylesheets/style.css HTTP/1.1\" 304 - \"http://localhost:3000/\" \"Mozilla/5.0 (Macintosh; Intel Mac OS X 10_14_5) AppleWebKit/605.1.15 (KHTML, like Gecko) Version/12.1.1 Safari/605.1.15\"\n","level":"info"}
{"message":"::1 - - [24/Jun/2019:05:30:00 +0000] \"GET /stylesheets/style.css HTTP/1.1\" 304 - \"http://localhost:3000/userlist\" \"Mozilla/5.0 (Macintosh; Intel Mac OS X 10_14_5) AppleWebKit/605.1.15 (KHTML, like Gecko) Version/12.1.1 Safari/605.1.15\"\n","level":"info"}
{"message":"::1 - - [24/Jun/2019:05:30:00 +0000] \"GET /stylesheets/style.css HTTP/1.1\" 304 - \"http://localhost:3000/userlist\" \"Mozilla/5.0 (Macintosh; Intel Mac OS X 10_14_5) AppleWebKit/605.1.15 (KHTML, like Gecko) Version/12.1.1 Safari/605.1.15\"\n","level":"info"}
{"message":"::1 - - [24/Jun/2019:05:30:00 +0000] \"GET /userlist HTTP/1.1\" - - \"-\" \"Mozilla/5.0 (Macintosh; Intel Mac OS X 10_14_5) AppleWebKit/605.1.15 (KHTML, like Gecko) Version/12.1.1 Safari/605.1.15\"\n","level":"info"}
{"message":"::1 - - [24/Jun/2019:05:31:24 +0000] \"GET /userlist HTTP/1.1\" - - \"-\" \"Mozilla/5.0 (Macintosh; Intel Mac OS X 10_14_5) AppleWebKit/605.1.15 (KHTML, like Gecko) Version/12.1.1 Safari/605.1.15\"\n","level":"info"}
{"message":"::1 - - [24/Jun/2019:05:31:25 +0000] \"GET / HTTP/1.1\" 200 207 \"-\" \"Mozilla/5.0 (Macintosh; Intel Mac OS X 10_14_5) AppleWebKit/605.1.15 (KHTML, like Gecko) Version/12.1.1 Safari/605.1.15\"\n","level":"info"}
{"message":"::1 - - [24/Jun/2019:05:31:25 +0000] \"GET /stylesheets/style.css HTTP/1.1\" 304 - \"http://localhost:3000/\" \"Mozilla/5.0 (Macintosh; Intel Mac OS X 10_14_5) AppleWebKit/605.1.15 (KHTML, like Gecko) Version/12.1.1 Safari/605.1.15\"\n","level":"info"}
{"message":"::1 - - [24/Jun/2019:05:31:25 +0000] \"GET /stylesheets/style.css HTTP/1.1\" 304 - \"http://localhost:3000/\" \"Mozilla/5.0 (Macintosh; Intel Mac OS X 10_14_5) AppleWebKit/605.1.15 (KHTML, like Gecko) Version/12.1.1 Safari/605.1.15\"\n","level":"info"}
{"message":"::1 - - [24/Jun/2019:05:31:38 +0000] \"GET /userlist HTTP/1.1\" - - \"-\" \"Mozilla/5.0 (Macintosh; Intel Mac OS X 10_14_5) AppleWebKit/537.36 (KHTML, like Gecko) Chrome/75.0.3770.100 Safari/537.36\"\n","level":"info"}
{"message":"::1 - - [24/Jun/2019:05:31:38 +0000] \"GET / HTTP/1.1\" 200 207 \"-\" \"Mozilla/5.0 (Macintosh; Intel Mac OS X 10_14_5) AppleWebKit/537.36 (KHTML, like Gecko) Chrome/75.0.3770.100 Safari/537.36\"\n","level":"info"}
{"message":"::1 - - [24/Jun/2019:05:31:38 +0000] \"GET /stylesheets/style.css HTTP/1.1\" 200 111 \"http://localhost:3000/\" \"Mozilla/5.0 (Macintosh; Intel Mac OS X 10_14_5) AppleWebKit/537.36 (KHTML, like Gecko) Chrome/75.0.3770.100 Safari/537.36\"\n","level":"info"}
{"message":"::1 - - [24/Jun/2019:05:31:48 +0000] \"GET /stylesheets/style.css HTTP/1.1\" 304 - \"http://localhost:3000/\" \"Mozilla/5.0 (Macintosh; Intel Mac OS X 10_14_5) AppleWebKit/537.36 (KHTML, like Gecko) Chrome/75.0.3770.100 Safari/537.36\"\n","level":"info"}
{"message":"::1 - - [24/Jun/2019:05:31:55 +0000] \"GET /userlist HTTP/1.1\" - - \"-\" \"Mozilla/5.0 (Macintosh; Intel Mac OS X 10_14_5) AppleWebKit/537.36 (KHTML, like Gecko) Chrome/75.0.3770.100 Safari/537.36\"\n","level":"info"}
{"message":"::1 - - [24/Jun/2019:05:31:55 +0000] \"GET / HTTP/1.1\" 304 - \"-\" \"Mozilla/5.0 (Macintosh; Intel Mac OS X 10_14_5) AppleWebKit/537.36 (KHTML, like Gecko) Chrome/75.0.3770.100 Safari/537.36\"\n","level":"info"}
{"message":"::1 - - [24/Jun/2019:05:31:55 +0000] \"GET /stylesheets/style.css HTTP/1.1\" 304 - \"http://localhost:3000/\" \"Mozilla/5.0 (Macintosh; Intel Mac OS X 10_14_5) AppleWebKit/537.36 (KHTML, like Gecko) Chrome/75.0.3770.100 Safari/537.36\"\n","level":"info"}
{"message":"::1 - - [24/Jun/2019:05:32:26 +0000] \"GET /userlist HTTP/1.1\" - - \"-\" \"Mozilla/5.0 (Macintosh; Intel Mac OS X 10_14_5) AppleWebKit/537.36 (KHTML, like Gecko) Chrome/75.0.3770.100 Safari/537.36\"\n","level":"info"}
{"message":"::1 - - [24/Jun/2019:05:36:49 +0000] \"GET / HTTP/1.1\" 304 - \"-\" \"Mozilla/5.0 (Macintosh; Intel Mac OS X 10_14_5) AppleWebKit/605.1.15 (KHTML, like Gecko) Version/12.1.1 Safari/605.1.15\"\n","level":"info"}
{"message":"::1 - - [24/Jun/2019:05:36:49 +0000] \"GET /stylesheets/style.css HTTP/1.1\" 304 - \"http://localhost:3000/\" \"Mozilla/5.0 (Macintosh; Intel Mac OS X 10_14_5) AppleWebKit/605.1.15 (KHTML, like Gecko) Version/12.1.1 Safari/605.1.15\"\n","level":"info"}
{"message":"::1 - - [24/Jun/2019:05:36:52 +0000] \"GET / HTTP/1.1\" 304 - \"-\" \"Mozilla/5.0 (Macintosh; Intel Mac OS X 10_14_5) AppleWebKit/605.1.15 (KHTML, like Gecko) Version/12.1.1 Safari/605.1.15\"\n","level":"info"}
{"message":"::1 - - [24/Jun/2019:05:36:52 +0000] \"GET /stylesheets/style.css HTTP/1.1\" 304 - \"http://localhost:3000/\" \"Mozilla/5.0 (Macintosh; Intel Mac OS X 10_14_5) AppleWebKit/605.1.15 (KHTML, like Gecko) Version/12.1.1 Safari/605.1.15\"\n","level":"info"}
{"message":"::1 - - [24/Jun/2019:05:36:53 +0000] \"GET /stylesheets/style.css HTTP/1.1\" 304 - \"http://localhost:3000/userlist\" \"Mozilla/5.0 (Macintosh; Intel Mac OS X 10_14_5) AppleWebKit/605.1.15 (KHTML, like Gecko) Version/12.1.1 Safari/605.1.15\"\n","level":"info"}
{"message":"::1 - - [24/Jun/2019:05:36:53 +0000] \"GET /userlist HTTP/1.1\" 200 214 \"-\" \"Mozilla/5.0 (Macintosh; Intel Mac OS X 10_14_5) AppleWebKit/605.1.15 (KHTML, like Gecko) Version/12.1.1 Safari/605.1.15\"\n","level":"info"}
{"message":"::1 - - [24/Jun/2019:05:36:54 +0000] \"GET /stylesheets/style.css HTTP/1.1\" 304 - \"http://localhost:3000/userlist\" \"Mozilla/5.0 (Macintosh; Intel Mac OS X 10_14_5) AppleWebKit/605.1.15 (KHTML, like Gecko) Version/12.1.1 Safari/605.1.15\"\n","level":"info"}
{"message":"::1 - - [24/Jun/2019:05:36:54 +0000] \"GET /userlist HTTP/1.1\" 304 - \"-\" \"Mozilla/5.0 (Macintosh; Intel Mac OS X 10_14_5) AppleWebKit/605.1.15 (KHTML, like Gecko) Version/12.1.1 Safari/605.1.15\"\n","level":"info"}
{"message":"::1 - - [24/Jun/2019:05:36:54 +0000] \"GET /stylesheets/style.css HTTP/1.1\" 304 - \"http://localhost:3000/userlist\" \"Mozilla/5.0 (Macintosh; Intel Mac OS X 10_14_5) AppleWebKit/605.1.15 (KHTML, like Gecko) Version/12.1.1 Safari/605.1.15\"\n","level":"info"}
{"message":"::1 - - [24/Jun/2019:05:36:58 +0000] \"GET /stylesheets/style.css HTTP/1.1\" 304 - \"http://localhost:3000/userlist\" \"Mozilla/5.0 (Macintosh; Intel Mac OS X 10_14_5) AppleWebKit/605.1.15 (KHTML, like Gecko) Version/12.1.1 Safari/605.1.15\"\n","level":"info"}
{"message":"::1 - - [24/Jun/2019:05:36:58 +0000] \"GET /userlist HTTP/1.1\" 304 - \"-\" \"Mozilla/5.0 (Macintosh; Intel Mac OS X 10_14_5) AppleWebKit/605.1.15 (KHTML, like Gecko) Version/12.1.1 Safari/605.1.15\"\n","level":"info"}
{"message":"::1 - - [24/Jun/2019:05:36:59 +0000] \"GET / HTTP/1.1\" 304 - \"-\" \"Mozilla/5.0 (Macintosh; Intel Mac OS X 10_14_5) AppleWebKit/605.1.15 (KHTML, like Gecko) Version/12.1.1 Safari/605.1.15\"\n","level":"info"}
{"message":"::1 - - [24/Jun/2019:05:36:59 +0000] \"GET /stylesheets/style.css HTTP/1.1\" 304 - \"http://localhost:3000/\" \"Mozilla/5.0 (Macintosh; Intel Mac OS X 10_14_5) AppleWebKit/605.1.15 (KHTML, like Gecko) Version/12.1.1 Safari/605.1.15\"\n","level":"info"}
{"message":"::1 - - [24/Jun/2019:05:36:59 +0000] \"GET /newuser HTTP/1.1\" 304 - \"-\" \"Mozilla/5.0 (Macintosh; Intel Mac OS X 10_14_5) AppleWebKit/605.1.15 (KHTML, like Gecko) Version/12.1.1 Safari/605.1.15\"\n","level":"info"}
{"message":"::1 - - [24/Jun/2019:05:36:59 +0000] \"GET /stylesheets/style.css HTTP/1.1\" 304 - \"http://localhost:3000/newuser\" \"Mozilla/5.0 (Macintosh; Intel Mac OS X 10_14_5) AppleWebKit/605.1.15 (KHTML, like Gecko) Version/12.1.1 Safari/605.1.15\"\n","level":"info"}
{"message":"::1 - - [24/Jun/2019:05:37:00 +0000] \"GET /newuser HTTP/1.1\" 304 - \"-\" \"Mozilla/5.0 (Macintosh; Intel Mac OS X 10_14_5) AppleWebKit/605.1.15 (KHTML, like Gecko) Version/12.1.1 Safari/605.1.15\"\n","level":"info"}
{"message":"::1 - - [24/Jun/2019:05:37:00 +0000] \"GET /stylesheets/style.css HTTP/1.1\" 304 - \"http://localhost:3000/newuser\" \"Mozilla/5.0 (Macintosh; Intel Mac OS X 10_14_5) AppleWebKit/605.1.15 (KHTML, like Gecko) Version/12.1.1 Safari/605.1.15\"\n","level":"info"}
{"message":"::1 - - [24/Jun/2019:05:37:00 +0000] \"GET /stylesheets/style.css HTTP/1.1\" 304 - \"http://localhost:3000/newuser\" \"Mozilla/5.0 (Macintosh; Intel Mac OS X 10_14_5) AppleWebKit/605.1.15 (KHTML, like Gecko) Version/12.1.1 Safari/605.1.15\"\n","level":"info"}
{"message":"::1 - - [24/Jun/2019:05:37:22 +0000] \"POST /adduser HTTP/1.1\" 302 60 \"http://localhost:3000/newuser\" \"Mozilla/5.0 (Macintosh; Intel Mac OS X 10_14_5) AppleWebKit/605.1.15 (KHTML, like Gecko) Version/12.1.1 Safari/605.1.15\"\n","level":"info"}
{"message":"::1 - - [24/Jun/2019:05:37:22 +0000] \"GET /userlist HTTP/1.1\" 200 284 \"http://localhost:3000/newuser\" \"Mozilla/5.0 (Macintosh; Intel Mac OS X 10_14_5) AppleWebKit/605.1.15 (KHTML, like Gecko) Version/12.1.1 Safari/605.1.15\"\n","level":"info"}
{"message":"::1 - - [24/Jun/2019:05:37:22 +0000] \"GET /stylesheets/style.css HTTP/1.1\" 304 - \"http://localhost:3000/userlist\" \"Mozilla/5.0 (Macintosh; Intel Mac OS X 10_14_5) AppleWebKit/605.1.15 (KHTML, like Gecko) Version/12.1.1 Safari/605.1.15\"\n","level":"info"}
{"message":"::1 - - [24/Jun/2019:05:37:51 +0000] \"GET / HTTP/1.1\" 304 - \"-\" \"Mozilla/5.0 (Macintosh; Intel Mac OS X 10_14_5) AppleWebKit/605.1.15 (KHTML, like Gecko) Version/12.1.1 Safari/605.1.15\"\n","level":"info"}
{"message":"::1 - - [24/Jun/2019:05:37:51 +0000] \"GET /stylesheets/style.css HTTP/1.1\" 304 - \"http://localhost:3000/\" \"Mozilla/5.0 (Macintosh; Intel Mac OS X 10_14_5) AppleWebKit/605.1.15 (KHTML, like Gecko) Version/12.1.1 Safari/605.1.15\"\n","level":"info"}
{"message":"::1 - - [24/Jun/2019:05:37:54 +0000] \"GET / HTTP/1.1\" 304 - \"-\" \"Mozilla/5.0 (Macintosh; Intel Mac OS X 10_14_5) AppleWebKit/605.1.15 (KHTML, like Gecko) Version/12.1.1 Safari/605.1.15\"\n","level":"info"}
{"message":"::1 - - [24/Jun/2019:05:37:54 +0000] \"GET /stylesheets/style.css HTTP/1.1\" 304 - \"http://localhost:3000/\" \"Mozilla/5.0 (Macintosh; Intel Mac OS X 10_14_5) AppleWebKit/605.1.15 (KHTML, like Gecko) Version/12.1.1 Safari/605.1.15\"\n","level":"info"}
{"message":"::1 - - [24/Jun/2019:05:37:55 +0000] \"GET /stylesheets/style.css HTTP/1.1\" 304 - \"http://localhost:3000/userlist\" \"Mozilla/5.0 (Macintosh; Intel Mac OS X 10_14_5) AppleWebKit/605.1.15 (KHTML, like Gecko) Version/12.1.1 Safari/605.1.15\"\n","level":"info"}
{"message":"::1 - - [24/Jun/2019:05:37:56 +0000] \"GET /stylesheets/style.css HTTP/1.1\" 304 - \"http://localhost:3000/userlist\" \"Mozilla/5.0 (Macintosh; Intel Mac OS X 10_14_5) AppleWebKit/605.1.15 (KHTML, like Gecko) Version/12.1.1 Safari/605.1.15\"\n","level":"info"}
{"message":"::1 - - [24/Jun/2019:05:37:56 +0000] \"GET /userlist HTTP/1.1\" - - \"-\" \"Mozilla/5.0 (Macintosh; Intel Mac OS X 10_14_5) AppleWebKit/605.1.15 (KHTML, like Gecko) Version/12.1.1 Safari/605.1.15\"\n","level":"info"}
{"message":"::1 - - [24/Jun/2019:05:38:03 +0000] \"GET /userlist HTTP/1.1\" - - \"-\" \"Mozilla/5.0 (Macintosh; Intel Mac OS X 10_14_5) AppleWebKit/605.1.15 (KHTML, like Gecko) Version/12.1.1 Safari/605.1.15\"\n","level":"info"}
{"message":"::1 - - [24/Jun/2019:05:39:54 +0000] \"GET / HTTP/1.1\" 304 - \"-\" \"Mozilla/5.0 (Macintosh; Intel Mac OS X 10_14_5) AppleWebKit/605.1.15 (KHTML, like Gecko) Version/12.1.1 Safari/605.1.15\"\n","level":"info"}
{"message":"::1 - - [24/Jun/2019:05:39:54 +0000] \"GET /stylesheets/style.css HTTP/1.1\" 304 - \"http://localhost:3000/\" \"Mozilla/5.0 (Macintosh; Intel Mac OS X 10_14_5) AppleWebKit/605.1.15 (KHTML, like Gecko) Version/12.1.1 Safari/605.1.15\"\n","level":"info"}
{"message":"::1 - - [24/Jun/2019:05:39:58 +0000] \"GET / HTTP/1.1\" 304 - \"-\" \"Mozilla/5.0 (Macintosh; Intel Mac OS X 10_14_5) AppleWebKit/605.1.15 (KHTML, like Gecko) Version/12.1.1 Safari/605.1.15\"\n","level":"info"}
{"message":"::1 - - [24/Jun/2019:05:39:58 +0000] \"GET /stylesheets/style.css HTTP/1.1\" 304 - \"http://localhost:3000/\" \"Mozilla/5.0 (Macintosh; Intel Mac OS X 10_14_5) AppleWebKit/605.1.15 (KHTML, like Gecko) Version/12.1.1 Safari/605.1.15\"\n","level":"info"}
{"message":"::1 - - [24/Jun/2019:05:39:59 +0000] \"GET /stylesheets/style.css HTTP/1.1\" 304 - \"http://localhost:3000/userlist\" \"Mozilla/5.0 (Macintosh; Intel Mac OS X 10_14_5) AppleWebKit/605.1.15 (KHTML, like Gecko) Version/12.1.1 Safari/605.1.15\"\n","level":"info"}
{"message":"::1 - - [24/Jun/2019:05:40:00 +0000] \"GET /stylesheets/style.css HTTP/1.1\" 304 - \"http://localhost:3000/userlist\" \"Mozilla/5.0 (Macintosh; Intel Mac OS X 10_14_5) AppleWebKit/605.1.15 (KHTML, like Gecko) Version/12.1.1 Safari/605.1.15\"\n","level":"info"}
{"message":"::1 - - [24/Jun/2019:05:40:00 +0000] \"GET /userlist HTTP/1.1\" - - \"-\" \"Mozilla/5.0 (Macintosh; Intel Mac OS X 10_14_5) AppleWebKit/605.1.15 (KHTML, like Gecko) Version/12.1.1 Safari/605.1.15\"\n","level":"info"}
{"message":"::1 - - [24/Jun/2019:05:51:04 +0000] \"GET / HTTP/1.1\" 304 - \"-\" \"Mozilla/5.0 (Macintosh; Intel Mac OS X 10_14_5) AppleWebKit/605.1.15 (KHTML, like Gecko) Version/12.1.1 Safari/605.1.15\"\n","level":"info"}
{"message":"::1 - - [24/Jun/2019:05:51:04 +0000] \"GET /stylesheets/style.css HTTP/1.1\" 304 - \"http://localhost:3000/\" \"Mozilla/5.0 (Macintosh; Intel Mac OS X 10_14_5) AppleWebKit/605.1.15 (KHTML, like Gecko) Version/12.1.1 Safari/605.1.15\"\n","level":"info"}
{"message":"::1 - - [24/Jun/2019:05:51:12 +0000] \"GET / HTTP/1.1\" 304 - \"-\" \"Mozilla/5.0 (Macintosh; Intel Mac OS X 10_14_5) AppleWebKit/605.1.15 (KHTML, like Gecko) Version/12.1.1 Safari/605.1.15\"\n","level":"info"}
{"message":"::1 - - [24/Jun/2019:05:51:12 +0000] \"GET /stylesheets/style.css HTTP/1.1\" 304 - \"http://localhost:3000/\" \"Mozilla/5.0 (Macintosh; Intel Mac OS X 10_14_5) AppleWebKit/605.1.15 (KHTML, like Gecko) Version/12.1.1 Safari/605.1.15\"\n","level":"info"}
{"message":"::1 - - [24/Jun/2019:05:51:15 +0000] \"GET /stylesheets/style.css HTTP/1.1\" 304 - \"http://localhost:3000/userlist\" \"Mozilla/5.0 (Macintosh; Intel Mac OS X 10_14_5) AppleWebKit/605.1.15 (KHTML, like Gecko) Version/12.1.1 Safari/605.1.15\"\n","level":"info"}
{"message":"::1 - - [24/Jun/2019:05:51:19 +0000] \"GET /userlist HTTP/1.1\" - - \"-\" \"Mozilla/5.0 (Macintosh; Intel Mac OS X 10_14_5) AppleWebKit/605.1.15 (KHTML, like Gecko) Version/12.1.1 Safari/605.1.15\"\n","level":"info"}
